\BOOKMARK [0][-]{chapter.1}{Analyse de l'existant}{}% 1
\BOOKMARK [1][-]{section.1.1}{Compr\351hension du sujet}{chapter.1}% 2
\BOOKMARK [1][-]{section.1.2}{R\351f\351rences sur la transformation de la voix}{chapter.1}% 3
\BOOKMARK [1][-]{section.1.3}{R\351f\351rences sur l'expression faciale}{chapter.1}% 4
\BOOKMARK [1][-]{section.1.4}{\311tat de l'art}{chapter.1}% 5
\BOOKMARK [1][-]{section.1.5}{Programmation avec du contenu vid\351o}{chapter.1}% 6
\BOOKMARK [1][-]{section.1.6}{Ergonomie}{chapter.1}% 7
\BOOKMARK [1][-]{section.1.7}{Base de donn\351es}{chapter.1}% 8
\BOOKMARK [0][-]{chapter.2}{Analyse des besoins}{}% 9
\BOOKMARK [1][-]{section.2.1}{Fonctionnement de l'application}{chapter.2}% 10
\BOOKMARK [1][-]{section.2.2}{Classement par priorit\351 des besoins}{chapter.2}% 11
\BOOKMARK [1][-]{section.2.3}{Besoins fonctionnels}{chapter.2}% 12
\BOOKMARK [2][-]{subsection.2.3.1}{Application multi-Plateforme: Utiliser l\220application sur les syst\350mes d\220exploitation principaux et r\351cents}{section.2.3}% 13
\BOOKMARK [3][-]{subsubsection.2.3.1.1}{Description}{subsection.2.3.1}% 14
\BOOKMARK [3][-]{subsubsection.2.3.1.2}{Faisabilit\351}{subsection.2.3.1}% 15
\BOOKMARK [3][-]{subsubsection.2.3.1.3}{Contingence}{subsection.2.3.1}% 16
\BOOKMARK [3][-]{subsubsection.2.3.1.4}{Test}{subsection.2.3.1}% 17
\BOOKMARK [3][-]{subsubsection.2.3.1.5}{Priorit\351 : Critique}{subsection.2.3.1}% 18
\BOOKMARK [2][-]{subsection.2.3.2}{Application nomade}{section.2.3}% 19
\BOOKMARK [3][-]{subsubsection.2.3.2.1}{Description}{subsection.2.3.2}% 20
\BOOKMARK [3][-]{subsubsection.2.3.2.2}{Faisabilit\351}{subsection.2.3.2}% 21
\BOOKMARK [3][-]{subsubsection.2.3.2.3}{Contingence}{subsection.2.3.2}% 22
\BOOKMARK [3][-]{subsubsection.2.3.2.4}{Test}{subsection.2.3.2}% 23
\BOOKMARK [3][-]{subsubsection.2.3.2.5}{Priorit\351 : Critique}{subsection.2.3.2}% 24
\BOOKMARK [2][-]{subsection.2.3.3}{Ajouter du contenu multim\351dia et des questions}{section.2.3}% 25
\BOOKMARK [3][-]{subsubsection.2.3.3.1}{Description}{subsection.2.3.3}% 26
\BOOKMARK [3][-]{subsubsection.2.3.3.2}{Faisabilit\351}{subsection.2.3.3}% 27
\BOOKMARK [3][-]{subsubsection.2.3.3.3}{Test}{subsection.2.3.3}% 28
\BOOKMARK [3][-]{subsubsection.2.3.3.4}{Priorit\351 : Moyenne}{subsection.2.3.3}% 29
\BOOKMARK [2][-]{subsection.2.3.4}{Exploiter diff\351rents formats de fichiers audio et vid\351o}{section.2.3}% 30
\BOOKMARK [3][-]{subsubsection.2.3.4.1}{Description}{subsection.2.3.4}% 31
\BOOKMARK [3][-]{subsubsection.2.3.4.2}{Faisabilit\351}{subsection.2.3.4}% 32
\BOOKMARK [3][-]{subsubsection.2.3.4.3}{Contingence}{subsection.2.3.4}% 33
\BOOKMARK [3][-]{subsubsection.2.3.4.4}{Test}{subsection.2.3.4}% 34
\BOOKMARK [3][-]{subsubsection.2.3.4.5}{Priorit\351 : Moyenne}{subsection.2.3.4}% 35
\BOOKMARK [2][-]{subsection.2.3.5}{R\351cup\351rer les questions et r\351sultats des tests}{section.2.3}% 36
\BOOKMARK [3][-]{subsubsection.2.3.5.1}{Description}{subsection.2.3.5}% 37
\BOOKMARK [3][-]{subsubsection.2.3.5.2}{Faisabilit\351}{subsection.2.3.5}% 38
\BOOKMARK [3][-]{subsubsection.2.3.5.3}{Test}{subsection.2.3.5}% 39
\BOOKMARK [3][-]{subsubsection.2.3.5.4}{Priorit\351 : Moyenne}{subsection.2.3.5}% 40
\BOOKMARK [2][-]{subsection.2.3.6}{Rassembler des informations sur les sujets}{section.2.3}% 41
\BOOKMARK [3][-]{subsubsection.2.3.6.1}{Description}{subsection.2.3.6}% 42
\BOOKMARK [3][-]{subsubsection.2.3.6.2}{Faisabilit\351}{subsection.2.3.6}% 43
\BOOKMARK [3][-]{subsubsection.2.3.6.3}{Test}{subsection.2.3.6}% 44
\BOOKMARK [3][-]{subsubsection.2.3.6.4}{Priorit\351 : Faible}{subsection.2.3.6}% 45
\BOOKMARK [1][-]{section.2.4}{Besoins non-fonctionnels}{chapter.2}% 46
\BOOKMARK [2][-]{subsection.2.4.1}{Permettre une maintenance du logiciel}{section.2.4}% 47
\BOOKMARK [3][-]{subsubsection.2.4.1.1}{Description}{subsection.2.4.1}% 48
\BOOKMARK [3][-]{subsubsection.2.4.1.2}{Faisabilit\351}{subsection.2.4.1}% 49
\BOOKMARK [3][-]{subsubsection.2.4.1.3}{Test}{subsection.2.4.1}% 50
\BOOKMARK [3][-]{subsubsection.2.4.1.4}{Priorit\351 : moyenne}{subsection.2.4.1}% 51
\BOOKMARK [2][-]{subsection.2.4.2}{B\351n\351ficier d\220une ergonomie efficiente}{section.2.4}% 52
\BOOKMARK [3][-]{subsubsection.2.4.2.1}{Description}{subsection.2.4.2}% 53
\BOOKMARK [3][-]{subsubsection.2.4.2.2}{Faisabilit\351}{subsection.2.4.2}% 54
\BOOKMARK [3][-]{subsubsection.2.4.2.3}{Test}{subsection.2.4.2}% 55
\BOOKMARK [3][-]{subsubsection.2.4.2.4}{Priorit\351 : basse}{subsection.2.4.2}% 56
\BOOKMARK [1][-]{section.2.5}{Prototype d'application}{chapter.2}% 57
\BOOKMARK [1][-]{section.2.6}{Gestion du temps}{chapter.2}% 58
\BOOKMARK [0][-]{chapter.3}{Architecture}{}% 59
\BOOKMARK [1][-]{section.3.1}{Explication d\351taill\351e des packages}{chapter.3}% 60
\BOOKMARK [2][-]{subsection.3.1.1}{BDD}{section.3.1}% 61
\BOOKMARK [3][-]{subsubsection.3.1.1.1}{Classe DataBase}{subsection.3.1.1}% 62
\BOOKMARK [3][-]{subsubsection.3.1.1.2}{Classes Media, Audio et Video}{subsection.3.1.1}% 63
\BOOKMARK [3][-]{subsubsection.3.1.1.3}{Classe Question}{subsection.3.1.1}% 64
\BOOKMARK [3][-]{subsubsection.3.1.1.4}{Classe Language}{subsection.3.1.1}% 65
\BOOKMARK [2][-]{subsection.3.1.2}{Result}{section.3.1}% 66
\BOOKMARK [2][-]{subsection.3.1.3}{Tests}{section.3.1}% 67
\BOOKMARK [2][-]{subsection.3.1.4}{Graphic}{section.3.1}% 68
\BOOKMARK [3][-]{subsubsection.3.1.4.1}{Classe UserGUI}{subsection.3.1.4}% 69
\BOOKMARK [3][-]{subsubsection.3.1.4.2}{Classe TestGUI}{subsection.3.1.4}% 70
\BOOKMARK [3][-]{subsubsection.3.1.4.3}{Classe ChooseGUI}{subsection.3.1.4}% 71
\BOOKMARK [3][-]{subsubsection.3.1.4.4}{Classe MediaManager}{subsection.3.1.4}% 72
\BOOKMARK [2][-]{subsection.3.1.5}{Processes}{section.3.1}% 73
\BOOKMARK [0][-]{chapter.4}{Fonctionnement et tests}{}% 74
\BOOKMARK [1][-]{section.4.1}{Fonctionnement}{chapter.4}% 75
\BOOKMARK [2][-]{subsection.4.1.1}{Interface Graphique \(GUI\)}{section.4.1}% 76
\BOOKMARK [2][-]{subsection.4.1.2}{Contr\364leur}{section.4.1}% 77
\BOOKMARK [2][-]{subsection.4.1.3}{Exportation des donn\351es}{section.4.1}% 78
\BOOKMARK [0][-]{chapter.5}{Bilan}{}% 79
\BOOKMARK [-1][-]{part*.8}{Annexes}{}% 80
\BOOKMARK [0][-]{chapter*.9}{Annexe 1}{part*.8}% 81
\BOOKMARK [0][-]{chapter*.10}{Annexe 2}{part*.8}% 82
